DEBUG 2022-03-02 16:35:19.257 UTC: 	 CRAB Client version: v3.220210
DEBUG 2022-03-02 16:35:19.258 UTC: 	 Running on: Linux lxplus737.cern.ch 3.10.0-1160.53.1.el7.x86_64 #1 SMP Fri Jan 14 13:59:45 UTC 2022 x86_64 x86_64 x86_64 GNU/Linux - CentOS Linux 7 (Core)
DEBUG 2022-03-02 16:35:19.258 UTC: 	 Executing command: 'submit'
DEBUG 2022-03-02 16:35:19.259 UTC: 	 Found CRAB cache file /afs/cern.ch/user/b/bdanzi/.crab3
DEBUG 2022-03-02 16:35:19.262 UTC: 	 Will use CRAB Analysis plugin (i.e. will run an analysis job type).
DEBUG 2022-03-02 16:35:19.304 UTC: 	 CRAB Client version: v3.220210
DEBUG 2022-03-02 16:35:19.305 UTC: 	 Running on: Linux lxplus737.cern.ch 3.10.0-1160.53.1.el7.x86_64 #1 SMP Fri Jan 14 13:59:45 UTC 2022 x86_64 x86_64 x86_64 GNU/Linux - CentOS Linux 7 (Core)
DEBUG 2022-03-02 16:35:19.305 UTC: 	 Executing command: 'submit'
DEBUG 2022-03-02 16:35:19.305 UTC: 	 Found CRAB cache file /afs/cern.ch/user/b/bdanzi/.crab3
DEBUG 2022-03-02 16:35:19.306 UTC: 	 Will use CRAB Analysis plugin (i.e. will run an analysis job type).
DEBUG 2022-03-02 16:35:19.341 UTC: 	 CRAB Client version: v3.220210
DEBUG 2022-03-02 16:35:19.342 UTC: 	 Running on: Linux lxplus737.cern.ch 3.10.0-1160.53.1.el7.x86_64 #1 SMP Fri Jan 14 13:59:45 UTC 2022 x86_64 x86_64 x86_64 GNU/Linux - CentOS Linux 7 (Core)
DEBUG 2022-03-02 16:35:19.342 UTC: 	 Executing command: 'submit'
DEBUG 2022-03-02 16:35:19.342 UTC: 	 Found CRAB cache file /afs/cern.ch/user/b/bdanzi/.crab3
DEBUG 2022-03-02 16:35:19.343 UTC: 	 Will use CRAB Analysis plugin (i.e. will run an analysis job type).
DEBUG 2022-03-02 16:35:19.386 UTC: 	 CRAB Client version: v3.220210
DEBUG 2022-03-02 16:35:19.387 UTC: 	 Running on: Linux lxplus737.cern.ch 3.10.0-1160.53.1.el7.x86_64 #1 SMP Fri Jan 14 13:59:45 UTC 2022 x86_64 x86_64 x86_64 GNU/Linux - CentOS Linux 7 (Core)
DEBUG 2022-03-02 16:35:19.387 UTC: 	 Executing command: 'submit'
DEBUG 2022-03-02 16:35:19.387 UTC: 	 Found CRAB cache file /afs/cern.ch/user/b/bdanzi/.crab3
DEBUG 2022-03-02 16:35:19.389 UTC: 	 Will use CRAB Analysis plugin (i.e. will run an analysis job type).
DEBUG 2022-03-02 16:35:19.448 UTC: 	 CRAB Client version: v3.220210
DEBUG 2022-03-02 16:35:19.448 UTC: 	 Running on: Linux lxplus737.cern.ch 3.10.0-1160.53.1.el7.x86_64 #1 SMP Fri Jan 14 13:59:45 UTC 2022 x86_64 x86_64 x86_64 GNU/Linux - CentOS Linux 7 (Core)
DEBUG 2022-03-02 16:35:19.448 UTC: 	 Executing command: 'submit'
DEBUG 2022-03-02 16:35:19.449 UTC: 	 Found CRAB cache file /afs/cern.ch/user/b/bdanzi/.crab3
DEBUG 2022-03-02 16:35:19.450 UTC: 	 Will use CRAB Analysis plugin (i.e. will run an analysis job type).
DEBUG 2022-03-02 16:39:44.650 UTC: 	 CRAB Client version: v3.220210
DEBUG 2022-03-02 16:39:44.651 UTC: 	 Running on: Linux lxplus737.cern.ch 3.10.0-1160.53.1.el7.x86_64 #1 SMP Fri Jan 14 13:59:45 UTC 2022 x86_64 x86_64 x86_64 GNU/Linux - CentOS Linux 7 (Core)
DEBUG 2022-03-02 16:39:44.651 UTC: 	 Executing command: 'submit'
DEBUG 2022-03-02 16:39:44.651 UTC: 	 Found CRAB cache file /afs/cern.ch/user/b/bdanzi/.crab3
DEBUG 2022-03-02 16:39:44.653 UTC: 	 Will use CRAB Analysis plugin (i.e. will run an analysis job type).
DEBUG 2022-03-02 16:39:44.691 UTC: 	 CRAB Client version: v3.220210
DEBUG 2022-03-02 16:39:44.691 UTC: 	 Running on: Linux lxplus737.cern.ch 3.10.0-1160.53.1.el7.x86_64 #1 SMP Fri Jan 14 13:59:45 UTC 2022 x86_64 x86_64 x86_64 GNU/Linux - CentOS Linux 7 (Core)
DEBUG 2022-03-02 16:39:44.692 UTC: 	 Executing command: 'submit'
DEBUG 2022-03-02 16:39:44.692 UTC: 	 Found CRAB cache file /afs/cern.ch/user/b/bdanzi/.crab3
DEBUG 2022-03-02 16:39:44.693 UTC: 	 Will use CRAB Analysis plugin (i.e. will run an analysis job type).
DEBUG 2022-03-02 16:39:44.723 UTC: 	 CRAB Client version: v3.220210
DEBUG 2022-03-02 16:39:44.723 UTC: 	 Running on: Linux lxplus737.cern.ch 3.10.0-1160.53.1.el7.x86_64 #1 SMP Fri Jan 14 13:59:45 UTC 2022 x86_64 x86_64 x86_64 GNU/Linux - CentOS Linux 7 (Core)
DEBUG 2022-03-02 16:39:44.723 UTC: 	 Executing command: 'submit'
DEBUG 2022-03-02 16:39:44.724 UTC: 	 Found CRAB cache file /afs/cern.ch/user/b/bdanzi/.crab3
DEBUG 2022-03-02 16:39:44.725 UTC: 	 Will use CRAB Analysis plugin (i.e. will run an analysis job type).
DEBUG 2022-03-02 16:39:44.756 UTC: 	 CRAB Client version: v3.220210
DEBUG 2022-03-02 16:39:44.757 UTC: 	 Running on: Linux lxplus737.cern.ch 3.10.0-1160.53.1.el7.x86_64 #1 SMP Fri Jan 14 13:59:45 UTC 2022 x86_64 x86_64 x86_64 GNU/Linux - CentOS Linux 7 (Core)
DEBUG 2022-03-02 16:39:44.757 UTC: 	 Executing command: 'submit'
DEBUG 2022-03-02 16:39:44.757 UTC: 	 Found CRAB cache file /afs/cern.ch/user/b/bdanzi/.crab3
DEBUG 2022-03-02 16:39:44.759 UTC: 	 Will use CRAB Analysis plugin (i.e. will run an analysis job type).
DEBUG 2022-03-02 16:39:44.786 UTC: 	 CRAB Client version: v3.220210
DEBUG 2022-03-02 16:39:44.787 UTC: 	 Running on: Linux lxplus737.cern.ch 3.10.0-1160.53.1.el7.x86_64 #1 SMP Fri Jan 14 13:59:45 UTC 2022 x86_64 x86_64 x86_64 GNU/Linux - CentOS Linux 7 (Core)
DEBUG 2022-03-02 16:39:44.787 UTC: 	 Executing command: 'submit'
DEBUG 2022-03-02 16:39:44.787 UTC: 	 Found CRAB cache file /afs/cern.ch/user/b/bdanzi/.crab3
DEBUG 2022-03-02 16:39:44.790 UTC: 	 Will use CRAB Analysis plugin (i.e. will run an analysis job type).
DEBUG 2022-03-02 16:39:44.817 UTC: 	 CRAB Client version: v3.220210
DEBUG 2022-03-02 16:39:44.818 UTC: 	 Running on: Linux lxplus737.cern.ch 3.10.0-1160.53.1.el7.x86_64 #1 SMP Fri Jan 14 13:59:45 UTC 2022 x86_64 x86_64 x86_64 GNU/Linux - CentOS Linux 7 (Core)
DEBUG 2022-03-02 16:39:44.818 UTC: 	 Executing command: 'submit'
DEBUG 2022-03-02 16:39:44.818 UTC: 	 Found CRAB cache file /afs/cern.ch/user/b/bdanzi/.crab3
DEBUG 2022-03-02 16:39:44.820 UTC: 	 Will use CRAB Analysis plugin (i.e. will run an analysis job type).
DEBUG 2022-03-02 16:39:44.849 UTC: 	 CRAB Client version: v3.220210
DEBUG 2022-03-02 16:39:44.849 UTC: 	 Running on: Linux lxplus737.cern.ch 3.10.0-1160.53.1.el7.x86_64 #1 SMP Fri Jan 14 13:59:45 UTC 2022 x86_64 x86_64 x86_64 GNU/Linux - CentOS Linux 7 (Core)
DEBUG 2022-03-02 16:39:44.849 UTC: 	 Executing command: 'submit'
DEBUG 2022-03-02 16:39:44.850 UTC: 	 Found CRAB cache file /afs/cern.ch/user/b/bdanzi/.crab3
DEBUG 2022-03-02 16:39:44.851 UTC: 	 Will use CRAB Analysis plugin (i.e. will run an analysis job type).
DEBUG 2022-03-02 16:39:44.889 UTC: 	 CRAB Client version: v3.220210
DEBUG 2022-03-02 16:39:44.890 UTC: 	 Running on: Linux lxplus737.cern.ch 3.10.0-1160.53.1.el7.x86_64 #1 SMP Fri Jan 14 13:59:45 UTC 2022 x86_64 x86_64 x86_64 GNU/Linux - CentOS Linux 7 (Core)
DEBUG 2022-03-02 16:39:44.890 UTC: 	 Executing command: 'submit'
DEBUG 2022-03-02 16:39:44.890 UTC: 	 Found CRAB cache file /afs/cern.ch/user/b/bdanzi/.crab3
DEBUG 2022-03-02 16:39:44.891 UTC: 	 Will use CRAB Analysis plugin (i.e. will run an analysis job type).
DEBUG 2022-03-02 16:39:44.926 UTC: 	 CRAB Client version: v3.220210
DEBUG 2022-03-02 16:39:44.926 UTC: 	 Running on: Linux lxplus737.cern.ch 3.10.0-1160.53.1.el7.x86_64 #1 SMP Fri Jan 14 13:59:45 UTC 2022 x86_64 x86_64 x86_64 GNU/Linux - CentOS Linux 7 (Core)
DEBUG 2022-03-02 16:39:44.926 UTC: 	 Executing command: 'submit'
DEBUG 2022-03-02 16:39:44.927 UTC: 	 Found CRAB cache file /afs/cern.ch/user/b/bdanzi/.crab3
DEBUG 2022-03-02 16:39:44.928 UTC: 	 Will use CRAB Analysis plugin (i.e. will run an analysis job type).
DEBUG 2022-03-03 10:17:39.049 UTC: 	 CRAB Client version: v3.220210
DEBUG 2022-03-03 10:17:39.050 UTC: 	 Running on: Linux lxplus733.cern.ch 3.10.0-1160.53.1.el7.x86_64 #1 SMP Fri Jan 14 13:59:45 UTC 2022 x86_64 x86_64 x86_64 GNU/Linux - CentOS Linux 7 (Core)
DEBUG 2022-03-03 10:17:39.050 UTC: 	 Executing command: 'submit'
DEBUG 2022-03-03 10:17:39.050 UTC: 	 Found CRAB cache file /afs/cern.ch/user/b/bdanzi/.crab3
DEBUG 2022-03-03 10:17:39.053 UTC: 	 Will use CRAB Analysis plugin (i.e. will run an analysis job type).
DEBUG 2022-03-03 10:17:39.099 UTC: 	 CRAB Client version: v3.220210
DEBUG 2022-03-03 10:17:39.100 UTC: 	 Running on: Linux lxplus733.cern.ch 3.10.0-1160.53.1.el7.x86_64 #1 SMP Fri Jan 14 13:59:45 UTC 2022 x86_64 x86_64 x86_64 GNU/Linux - CentOS Linux 7 (Core)
DEBUG 2022-03-03 10:17:39.100 UTC: 	 Executing command: 'submit'
DEBUG 2022-03-03 10:17:39.100 UTC: 	 Found CRAB cache file /afs/cern.ch/user/b/bdanzi/.crab3
DEBUG 2022-03-03 10:17:39.101 UTC: 	 Will use CRAB Analysis plugin (i.e. will run an analysis job type).
DEBUG 2022-03-03 10:17:39.124 UTC: 	 CRAB Client version: v3.220210
DEBUG 2022-03-03 10:17:39.125 UTC: 	 Running on: Linux lxplus733.cern.ch 3.10.0-1160.53.1.el7.x86_64 #1 SMP Fri Jan 14 13:59:45 UTC 2022 x86_64 x86_64 x86_64 GNU/Linux - CentOS Linux 7 (Core)
DEBUG 2022-03-03 10:17:39.125 UTC: 	 Executing command: 'submit'
DEBUG 2022-03-03 10:17:39.125 UTC: 	 Found CRAB cache file /afs/cern.ch/user/b/bdanzi/.crab3
DEBUG 2022-03-03 10:17:39.126 UTC: 	 Will use CRAB Analysis plugin (i.e. will run an analysis job type).
DEBUG 2022-03-03 10:17:39.147 UTC: 	 CRAB Client version: v3.220210
DEBUG 2022-03-03 10:17:39.148 UTC: 	 Running on: Linux lxplus733.cern.ch 3.10.0-1160.53.1.el7.x86_64 #1 SMP Fri Jan 14 13:59:45 UTC 2022 x86_64 x86_64 x86_64 GNU/Linux - CentOS Linux 7 (Core)
DEBUG 2022-03-03 10:17:39.148 UTC: 	 Executing command: 'submit'
DEBUG 2022-03-03 10:17:39.148 UTC: 	 Found CRAB cache file /afs/cern.ch/user/b/bdanzi/.crab3
DEBUG 2022-03-03 10:17:39.149 UTC: 	 Will use CRAB Analysis plugin (i.e. will run an analysis job type).
DEBUG 2022-03-03 10:17:39.170 UTC: 	 CRAB Client version: v3.220210
DEBUG 2022-03-03 10:17:39.171 UTC: 	 Running on: Linux lxplus733.cern.ch 3.10.0-1160.53.1.el7.x86_64 #1 SMP Fri Jan 14 13:59:45 UTC 2022 x86_64 x86_64 x86_64 GNU/Linux - CentOS Linux 7 (Core)
DEBUG 2022-03-03 10:17:39.171 UTC: 	 Executing command: 'submit'
DEBUG 2022-03-03 10:17:39.171 UTC: 	 Found CRAB cache file /afs/cern.ch/user/b/bdanzi/.crab3
DEBUG 2022-03-03 10:17:39.172 UTC: 	 Will use CRAB Analysis plugin (i.e. will run an analysis job type).
DEBUG 2022-03-04 12:46:38.701 UTC: 	 CRAB Client version: v3.220210
DEBUG 2022-03-04 12:46:38.702 UTC: 	 Running on: Linux lxplus787.cern.ch 3.10.0-1160.49.1.el7.x86_64 #1 SMP Tue Nov 30 15:51:32 UTC 2021 x86_64 x86_64 x86_64 GNU/Linux - CentOS Linux 7 (Core)
DEBUG 2022-03-04 12:46:38.702 UTC: 	 Executing command: 'submit'
DEBUG 2022-03-04 12:46:38.702 UTC: 	 Found CRAB cache file /afs/cern.ch/user/b/bdanzi/.crab3
DEBUG 2022-03-04 12:46:38.704 UTC: 	 Will use CRAB Analysis plugin (i.e. will run an analysis job type).
DEBUG 2022-03-04 12:46:47.603 UTC: 	 CRAB Client version: v3.220210
DEBUG 2022-03-04 12:46:47.604 UTC: 	 Running on: Linux lxplus787.cern.ch 3.10.0-1160.49.1.el7.x86_64 #1 SMP Tue Nov 30 15:51:32 UTC 2021 x86_64 x86_64 x86_64 GNU/Linux - CentOS Linux 7 (Core)
DEBUG 2022-03-04 12:46:47.604 UTC: 	 Executing command: 'submit'
DEBUG 2022-03-04 12:46:47.604 UTC: 	 Found CRAB cache file /afs/cern.ch/user/b/bdanzi/.crab3
DEBUG 2022-03-04 12:46:47.606 UTC: 	 Will use CRAB Analysis plugin (i.e. will run an analysis job type).
DEBUG 2022-03-04 12:46:47.635 UTC: 	 CRAB Client version: v3.220210
DEBUG 2022-03-04 12:46:47.635 UTC: 	 Running on: Linux lxplus787.cern.ch 3.10.0-1160.49.1.el7.x86_64 #1 SMP Tue Nov 30 15:51:32 UTC 2021 x86_64 x86_64 x86_64 GNU/Linux - CentOS Linux 7 (Core)
DEBUG 2022-03-04 12:46:47.635 UTC: 	 Executing command: 'submit'
DEBUG 2022-03-04 12:46:47.636 UTC: 	 Found CRAB cache file /afs/cern.ch/user/b/bdanzi/.crab3
DEBUG 2022-03-04 12:46:47.637 UTC: 	 Will use CRAB Analysis plugin (i.e. will run an analysis job type).
DEBUG 2022-03-04 12:46:47.667 UTC: 	 CRAB Client version: v3.220210
DEBUG 2022-03-04 12:46:47.668 UTC: 	 Running on: Linux lxplus787.cern.ch 3.10.0-1160.49.1.el7.x86_64 #1 SMP Tue Nov 30 15:51:32 UTC 2021 x86_64 x86_64 x86_64 GNU/Linux - CentOS Linux 7 (Core)
DEBUG 2022-03-04 12:46:47.668 UTC: 	 Executing command: 'submit'
DEBUG 2022-03-04 12:46:47.668 UTC: 	 Found CRAB cache file /afs/cern.ch/user/b/bdanzi/.crab3
DEBUG 2022-03-04 12:46:47.669 UTC: 	 Will use CRAB Analysis plugin (i.e. will run an analysis job type).
DEBUG 2022-03-04 12:46:47.699 UTC: 	 CRAB Client version: v3.220210
DEBUG 2022-03-04 12:46:47.700 UTC: 	 Running on: Linux lxplus787.cern.ch 3.10.0-1160.49.1.el7.x86_64 #1 SMP Tue Nov 30 15:51:32 UTC 2021 x86_64 x86_64 x86_64 GNU/Linux - CentOS Linux 7 (Core)
DEBUG 2022-03-04 12:46:47.700 UTC: 	 Executing command: 'submit'
DEBUG 2022-03-04 12:46:47.700 UTC: 	 Found CRAB cache file /afs/cern.ch/user/b/bdanzi/.crab3
DEBUG 2022-03-04 12:46:47.702 UTC: 	 Will use CRAB Analysis plugin (i.e. will run an analysis job type).
DEBUG 2022-03-04 12:46:47.730 UTC: 	 CRAB Client version: v3.220210
DEBUG 2022-03-04 12:46:47.731 UTC: 	 Running on: Linux lxplus787.cern.ch 3.10.0-1160.49.1.el7.x86_64 #1 SMP Tue Nov 30 15:51:32 UTC 2021 x86_64 x86_64 x86_64 GNU/Linux - CentOS Linux 7 (Core)
DEBUG 2022-03-04 12:46:47.731 UTC: 	 Executing command: 'submit'
DEBUG 2022-03-04 12:46:47.731 UTC: 	 Found CRAB cache file /afs/cern.ch/user/b/bdanzi/.crab3
DEBUG 2022-03-04 12:46:47.732 UTC: 	 Will use CRAB Analysis plugin (i.e. will run an analysis job type).
DEBUG 2022-03-04 12:46:47.766 UTC: 	 CRAB Client version: v3.220210
DEBUG 2022-03-04 12:46:47.767 UTC: 	 Running on: Linux lxplus787.cern.ch 3.10.0-1160.49.1.el7.x86_64 #1 SMP Tue Nov 30 15:51:32 UTC 2021 x86_64 x86_64 x86_64 GNU/Linux - CentOS Linux 7 (Core)
DEBUG 2022-03-04 12:46:47.767 UTC: 	 Executing command: 'submit'
DEBUG 2022-03-04 12:46:47.767 UTC: 	 Found CRAB cache file /afs/cern.ch/user/b/bdanzi/.crab3
DEBUG 2022-03-04 12:46:47.769 UTC: 	 Will use CRAB Analysis plugin (i.e. will run an analysis job type).
DEBUG 2022-03-11 09:55:07.970 UTC: 	 CRAB Client version: v3.220210
DEBUG 2022-03-11 09:55:07.971 UTC: 	 Running on: Linux lxplus782.cern.ch 3.10.0-1160.53.1.el7.x86_64 #1 SMP Fri Jan 14 13:59:45 UTC 2022 x86_64 x86_64 x86_64 GNU/Linux - CentOS Linux 7 (Core)
DEBUG 2022-03-11 09:55:07.971 UTC: 	 Executing command: 'submit'
DEBUG 2022-03-11 09:55:07.971 UTC: 	 Found CRAB cache file /afs/cern.ch/user/b/bdanzi/.crab3
DEBUG 2022-03-11 09:55:07.974 UTC: 	 Will use CRAB Analysis plugin (i.e. will run an analysis job type).
DEBUG 2022-03-11 09:55:08.036 UTC: 	 CRAB Client version: v3.220210
DEBUG 2022-03-11 09:55:08.037 UTC: 	 Running on: Linux lxplus782.cern.ch 3.10.0-1160.53.1.el7.x86_64 #1 SMP Fri Jan 14 13:59:45 UTC 2022 x86_64 x86_64 x86_64 GNU/Linux - CentOS Linux 7 (Core)
DEBUG 2022-03-11 09:55:08.037 UTC: 	 Executing command: 'submit'
DEBUG 2022-03-11 09:55:08.037 UTC: 	 Found CRAB cache file /afs/cern.ch/user/b/bdanzi/.crab3
DEBUG 2022-03-11 09:55:08.039 UTC: 	 Will use CRAB Analysis plugin (i.e. will run an analysis job type).
DEBUG 2022-03-11 16:06:15.507 UTC: 	 CRAB Client version: v3.220210
DEBUG 2022-03-11 16:06:15.508 UTC: 	 Running on: Linux lxplus782.cern.ch 3.10.0-1160.53.1.el7.x86_64 #1 SMP Fri Jan 14 13:59:45 UTC 2022 x86_64 x86_64 x86_64 GNU/Linux - CentOS Linux 7 (Core)
DEBUG 2022-03-11 16:06:15.508 UTC: 	 Executing command: 'submit'
DEBUG 2022-03-11 16:06:15.508 UTC: 	 Found CRAB cache file /afs/cern.ch/user/b/bdanzi/.crab3
DEBUG 2022-03-11 16:06:15.510 UTC: 	 Will use CRAB Analysis plugin (i.e. will run an analysis job type).
DEBUG 2022-03-11 16:06:15.593 UTC: 	 CRAB Client version: v3.220210
DEBUG 2022-03-11 16:06:15.594 UTC: 	 Running on: Linux lxplus782.cern.ch 3.10.0-1160.53.1.el7.x86_64 #1 SMP Fri Jan 14 13:59:45 UTC 2022 x86_64 x86_64 x86_64 GNU/Linux - CentOS Linux 7 (Core)
DEBUG 2022-03-11 16:06:15.594 UTC: 	 Executing command: 'submit'
DEBUG 2022-03-11 16:06:15.594 UTC: 	 Found CRAB cache file /afs/cern.ch/user/b/bdanzi/.crab3
DEBUG 2022-03-11 16:06:15.596 UTC: 	 Will use CRAB Analysis plugin (i.e. will run an analysis job type).
DEBUG 2022-03-11 16:06:15.693 UTC: 	 CRAB Client version: v3.220210
DEBUG 2022-03-11 16:06:15.695 UTC: 	 Running on: Linux lxplus782.cern.ch 3.10.0-1160.53.1.el7.x86_64 #1 SMP Fri Jan 14 13:59:45 UTC 2022 x86_64 x86_64 x86_64 GNU/Linux - CentOS Linux 7 (Core)
DEBUG 2022-03-11 16:06:15.695 UTC: 	 Executing command: 'submit'
DEBUG 2022-03-11 16:06:15.695 UTC: 	 Found CRAB cache file /afs/cern.ch/user/b/bdanzi/.crab3
DEBUG 2022-03-11 16:06:15.697 UTC: 	 Will use CRAB Analysis plugin (i.e. will run an analysis job type).
DEBUG 2022-03-11 16:06:15.858 UTC: 	 CRAB Client version: v3.220210
DEBUG 2022-03-11 16:06:15.859 UTC: 	 Running on: Linux lxplus782.cern.ch 3.10.0-1160.53.1.el7.x86_64 #1 SMP Fri Jan 14 13:59:45 UTC 2022 x86_64 x86_64 x86_64 GNU/Linux - CentOS Linux 7 (Core)
DEBUG 2022-03-11 16:06:15.859 UTC: 	 Executing command: 'submit'
DEBUG 2022-03-11 16:06:15.859 UTC: 	 Found CRAB cache file /afs/cern.ch/user/b/bdanzi/.crab3
DEBUG 2022-03-11 16:06:15.861 UTC: 	 Will use CRAB Analysis plugin (i.e. will run an analysis job type).
DEBUG 2022-03-11 16:06:15.910 UTC: 	 CRAB Client version: v3.220210
DEBUG 2022-03-11 16:06:15.911 UTC: 	 Running on: Linux lxplus782.cern.ch 3.10.0-1160.53.1.el7.x86_64 #1 SMP Fri Jan 14 13:59:45 UTC 2022 x86_64 x86_64 x86_64 GNU/Linux - CentOS Linux 7 (Core)
DEBUG 2022-03-11 16:06:15.911 UTC: 	 Executing command: 'submit'
DEBUG 2022-03-11 16:06:15.911 UTC: 	 Found CRAB cache file /afs/cern.ch/user/b/bdanzi/.crab3
DEBUG 2022-03-11 16:06:15.913 UTC: 	 Will use CRAB Analysis plugin (i.e. will run an analysis job type).
DEBUG 2022-03-11 16:07:10.333 UTC: 	 CRAB Client version: v3.220210
DEBUG 2022-03-11 16:07:10.334 UTC: 	 Running on: Linux lxplus782.cern.ch 3.10.0-1160.53.1.el7.x86_64 #1 SMP Fri Jan 14 13:59:45 UTC 2022 x86_64 x86_64 x86_64 GNU/Linux - CentOS Linux 7 (Core)
DEBUG 2022-03-11 16:07:10.334 UTC: 	 Executing command: 'submit'
DEBUG 2022-03-11 16:07:10.335 UTC: 	 Found CRAB cache file /afs/cern.ch/user/b/bdanzi/.crab3
DEBUG 2022-03-11 16:07:10.336 UTC: 	 Will use CRAB Analysis plugin (i.e. will run an analysis job type).
DEBUG 2022-03-11 16:07:10.419 UTC: 	 CRAB Client version: v3.220210
DEBUG 2022-03-11 16:07:10.419 UTC: 	 Running on: Linux lxplus782.cern.ch 3.10.0-1160.53.1.el7.x86_64 #1 SMP Fri Jan 14 13:59:45 UTC 2022 x86_64 x86_64 x86_64 GNU/Linux - CentOS Linux 7 (Core)
DEBUG 2022-03-11 16:07:10.420 UTC: 	 Executing command: 'submit'
DEBUG 2022-03-11 16:07:10.420 UTC: 	 Found CRAB cache file /afs/cern.ch/user/b/bdanzi/.crab3
DEBUG 2022-03-11 16:07:10.421 UTC: 	 Will use CRAB Analysis plugin (i.e. will run an analysis job type).
DEBUG 2022-03-11 16:07:10.525 UTC: 	 CRAB Client version: v3.220210
DEBUG 2022-03-11 16:07:10.526 UTC: 	 Running on: Linux lxplus782.cern.ch 3.10.0-1160.53.1.el7.x86_64 #1 SMP Fri Jan 14 13:59:45 UTC 2022 x86_64 x86_64 x86_64 GNU/Linux - CentOS Linux 7 (Core)
DEBUG 2022-03-11 16:07:10.526 UTC: 	 Executing command: 'submit'
DEBUG 2022-03-11 16:07:10.526 UTC: 	 Found CRAB cache file /afs/cern.ch/user/b/bdanzi/.crab3
DEBUG 2022-03-11 16:07:10.528 UTC: 	 Will use CRAB Analysis plugin (i.e. will run an analysis job type).
